<?xml version="1.0" encoding="UTF-8"?>
<!-- Generated by org.testng.reporters.JUnitReportReporter -->
<testsuite hostname="GOPINATH-LAP" failures="0" tests="12" name="execution.Test" time="313.821" errors="0" timestamp="2022-09-19T13:15:12 IST" skipped="0">
  <testcase classname="execution.Test" name="Message_test" time="37.923"/>
  <system-out/>
  <testcase classname="execution.Test" name="Valid_Login_Test" time="26.134"/>
  <system-out/>
  <testcase classname="execution.Test" name="Valid_Login_Test" time="25.754"/>
  <system-out/>
  <testcase classname="execution.Test" name="Invalid_Login_Test" time="24.998"/>
  <system-out/>
  <testcase classname="execution.Test" name="Invalid_Login_Test" time="24.016"/>
  <system-out/>
  <testcase classname="execution.Test" name="Invalid_Login_Test" time="25.927"/>
  <system-out/>
  <testcase classname="execution.Test" name="Invalid_Login_Test" time="23.235"/>
  <system-out/>
  <testcase classname="execution.Test" name="Invalid_Login_Test" time="24.590"/>
  <system-out/>
  <testcase classname="execution.Test" name="Invalid_Login_Test" time="28.567"/>
  <system-out/>
  <testcase classname="execution.Test" name="Invalid_Login_Test" time="23.575"/>
  <system-out/>
  <testcase classname="execution.Test" name="Invalid_Login_Test" time="24.196"/>
  <system-out/>
  <testcase classname="execution.Test" name="Invalid_Login_Test" time="24.906"/>
  <system-out/>
</testsuite> <!-- execution.Test -->
